  ClientMain.cpp
E:\Fanshawe\Fall_Term\INFO_6016_Network_Programming\Projects\INFO-6016_Project1_AnaDjurkovic\Chat_Common\ProtocolManager.h(31,22): warning C4251: 'sPacket::roomname': class 'std::basic_string<char,std::char_traits<char>,std::allocator<char>>' needs to have dll-interface to be used by clients of struct 'sPacket'
C:\Program Files (x86)\Microsoft Visual Studio\2019\Community\VC\Tools\MSVC\14.28.29333\include\xstring(4648): message : see declaration of 'std::basic_string<char,std::char_traits<char>,std::allocator<char>>'
E:\Fanshawe\Fall_Term\INFO_6016_Network_Programming\Projects\INFO-6016_Project1_AnaDjurkovic\Chat_Common\ProtocolManager.h(34,22): warning C4251: 'sPacket::username': class 'std::basic_string<char,std::char_traits<char>,std::allocator<char>>' needs to have dll-interface to be used by clients of struct 'sPacket'
C:\Program Files (x86)\Microsoft Visual Studio\2019\Community\VC\Tools\MSVC\14.28.29333\include\xstring(4648): message : see declaration of 'std::basic_string<char,std::char_traits<char>,std::allocator<char>>'
E:\Fanshawe\Fall_Term\INFO_6016_Network_Programming\Projects\INFO-6016_Project1_AnaDjurkovic\Chat_Common\ProtocolManager.h(37,17): warning C4251: 'sPacket::msg': class 'std::basic_string<char,std::char_traits<char>,std::allocator<char>>' needs to have dll-interface to be used by clients of struct 'sPacket'
C:\Program Files (x86)\Microsoft Visual Studio\2019\Community\VC\Tools\MSVC\14.28.29333\include\xstring(4648): message : see declaration of 'std::basic_string<char,std::char_traits<char>,std::allocator<char>>'
E:\Fanshawe\Fall_Term\INFO_6016_Network_Programming\Projects\INFO-6016_Project1_AnaDjurkovic\Chat_Common\cBuffer.h(16,27): warning C4251: 'cBuffer::_buffer': class 'std::vector<char,std::allocator<char>>' needs to have dll-interface to be used by clients of class 'cBuffer'
E:\Fanshawe\Fall_Term\INFO_6016_Network_Programming\Projects\INFO-6016_Project1_AnaDjurkovic\Chat_Common\cBuffer.h(16): message : see declaration of 'std::vector<char,std::allocator<char>>'
E:\Fanshawe\Fall_Term\INFO_6016_Network_Programming\Projects\INFO-6016_Project1_AnaDjurkovic\Chat_Client\ClientMain.cpp(161,61): warning C4267: '=': conversion from 'size_t' to 'int', possible loss of data
E:\Fanshawe\Fall_Term\INFO_6016_Network_Programming\Projects\INFO-6016_Project1_AnaDjurkovic\Chat_Client\ClientMain.cpp(163,44): warning C4267: '=': conversion from 'size_t' to 'int', possible loss of data
E:\Fanshawe\Fall_Term\INFO_6016_Network_Programming\Projects\INFO-6016_Project1_AnaDjurkovic\Chat_Client\ClientMain.cpp(186,61): warning C4267: '=': conversion from 'size_t' to 'int', possible loss of data
E:\Fanshawe\Fall_Term\INFO_6016_Network_Programming\Projects\INFO-6016_Project1_AnaDjurkovic\Chat_Client\ClientMain.cpp(188,40): warning C4267: '=': conversion from 'size_t' to 'int', possible loss of data
E:\Fanshawe\Fall_Term\INFO_6016_Network_Programming\Projects\INFO-6016_Project1_AnaDjurkovic\Chat_Client\ClientMain.cpp(209,61): warning C4267: '=': conversion from 'size_t' to 'int', possible loss of data
E:\Fanshawe\Fall_Term\INFO_6016_Network_Programming\Projects\INFO-6016_Project1_AnaDjurkovic\Chat_Client\ClientMain.cpp(211,40): warning C4267: '=': conversion from 'size_t' to 'int', possible loss of data
E:\Fanshawe\Fall_Term\INFO_6016_Network_Programming\Projects\INFO-6016_Project1_AnaDjurkovic\Chat_Client\ClientMain.cpp(239,90): warning C4267: '=': conversion from 'size_t' to 'int', possible loss of data
E:\Fanshawe\Fall_Term\INFO_6016_Network_Programming\Projects\INFO-6016_Project1_AnaDjurkovic\Chat_Client\ClientMain.cpp(242,37): warning C4267: '=': conversion from 'size_t' to 'int', possible loss of data
E:\Fanshawe\Fall_Term\INFO_6016_Network_Programming\Projects\INFO-6016_Project1_AnaDjurkovic\Chat_Client\ClientMain.cpp(260,81): warning C4267: 'argument': conversion from 'size_t' to 'int', possible loss of data
E:\Fanshawe\Fall_Term\INFO_6016_Network_Programming\Projects\INFO-6016_Project1_AnaDjurkovic\Chat_Client\ClientMain.cpp(301,81): warning C4267: 'argument': conversion from 'size_t' to 'int', possible loss of data
E:\Fanshawe\Fall_Term\INFO_6016_Network_Programming\Projects\INFO-6016_Project1_AnaDjurkovic\Chat_Client\ClientMain.cpp(37,7): warning C4101: 'recvbuf': unreferenced local variable
  Chat_Client.vcxproj -> E:\Fanshawe\Fall_Term\INFO_6016_Network_Programming\Projects\INFO-6016_Project1_AnaDjurkovic\x64\Debug\Chat_Client.exe
