  ServerMain.cpp
E:\Fanshawe\Fall_Term\INFO_6016_Network_Programming\Projects\INFO-6016_Project1_AnaDjurkovic\Chat_Common\cBuffer.h(16,27): warning C4251: 'cBuffer::_buffer': class 'std::vector<char,std::allocator<char>>' needs to have dll-interface to be used by clients of class 'cBuffer'
E:\Fanshawe\Fall_Term\INFO_6016_Network_Programming\Projects\INFO-6016_Project1_AnaDjurkovic\Chat_Common\cBuffer.h(16): message : see declaration of 'std::vector<char,std::allocator<char>>'
E:\Fanshawe\Fall_Term\INFO_6016_Network_Programming\Projects\INFO-6016_Project1_AnaDjurkovic\Chat_Common\ProtocolManager.h(34,22): warning C4251: 'sPacket::roomname': class 'std::basic_string<char,std::char_traits<char>,std::allocator<char>>' needs to have dll-interface to be used by clients of struct 'sPacket'
C:\Program Files (x86)\Microsoft Visual Studio\2019\Community\VC\Tools\MSVC\14.28.29333\include\xstring(4648): message : see declaration of 'std::basic_string<char,std::char_traits<char>,std::allocator<char>>'
E:\Fanshawe\Fall_Term\INFO_6016_Network_Programming\Projects\INFO-6016_Project1_AnaDjurkovic\Chat_Common\ProtocolManager.h(36,22): warning C4251: 'sPacket::username': class 'std::basic_string<char,std::char_traits<char>,std::allocator<char>>' needs to have dll-interface to be used by clients of struct 'sPacket'
C:\Program Files (x86)\Microsoft Visual Studio\2019\Community\VC\Tools\MSVC\14.28.29333\include\xstring(4648): message : see declaration of 'std::basic_string<char,std::char_traits<char>,std::allocator<char>>'
E:\Fanshawe\Fall_Term\INFO_6016_Network_Programming\Projects\INFO-6016_Project1_AnaDjurkovic\Chat_Common\ProtocolManager.h(38,17): warning C4251: 'sPacket::msg': class 'std::basic_string<char,std::char_traits<char>,std::allocator<char>>' needs to have dll-interface to be used by clients of struct 'sPacket'
C:\Program Files (x86)\Microsoft Visual Studio\2019\Community\VC\Tools\MSVC\14.28.29333\include\xstring(4648): message : see declaration of 'std::basic_string<char,std::char_traits<char>,std::allocator<char>>'
E:\Fanshawe\Fall_Term\INFO_6016_Network_Programming\Projects\INFO-6016_Project1_AnaDjurkovic\Chat_Server\ServerMain.cpp(277,58): warning C4267: '=': conversion from 'size_t' to 'ULONG', possible loss of data
E:\Fanshawe\Fall_Term\INFO_6016_Network_Programming\Projects\INFO-6016_Project1_AnaDjurkovic\Chat_Server\ServerMain.cpp(341,47): warning C4267: '=': conversion from 'size_t' to 'int', possible loss of data
E:\Fanshawe\Fall_Term\INFO_6016_Network_Programming\Projects\INFO-6016_Project1_AnaDjurkovic\Chat_Server\ServerMain.cpp(364,61): warning C4267: '=': conversion from 'size_t' to 'ULONG', possible loss of data
E:\Fanshawe\Fall_Term\INFO_6016_Network_Programming\Projects\INFO-6016_Project1_AnaDjurkovic\Chat_Server\ServerMain.cpp(407,47): warning C4267: '=': conversion from 'size_t' to 'int', possible loss of data
E:\Fanshawe\Fall_Term\INFO_6016_Network_Programming\Projects\INFO-6016_Project1_AnaDjurkovic\Chat_Server\ServerMain.cpp(429,61): warning C4267: '=': conversion from 'size_t' to 'ULONG', possible loss of data
E:\Fanshawe\Fall_Term\INFO_6016_Network_Programming\Projects\INFO-6016_Project1_AnaDjurkovic\Chat_Server\ServerMain.cpp(462,47): warning C4267: '=': conversion from 'size_t' to 'int', possible loss of data
E:\Fanshawe\Fall_Term\INFO_6016_Network_Programming\Projects\INFO-6016_Project1_AnaDjurkovic\Chat_Server\ServerMain.cpp(484,61): warning C4267: '=': conversion from 'size_t' to 'ULONG', possible loss of data
E:\Fanshawe\Fall_Term\INFO_6016_Network_Programming\Projects\INFO-6016_Project1_AnaDjurkovic\Chat_Server\ServerMain.cpp(532,47): warning C4267: '=': conversion from 'size_t' to 'int', possible loss of data
E:\Fanshawe\Fall_Term\INFO_6016_Network_Programming\Projects\INFO-6016_Project1_AnaDjurkovic\Chat_Server\ServerMain.cpp(554,61): warning C4267: '=': conversion from 'size_t' to 'ULONG', possible loss of data
E:\Fanshawe\Fall_Term\INFO_6016_Network_Programming\Projects\INFO-6016_Project1_AnaDjurkovic\Chat_Server\ServerMain.cpp(194): warning C4715: 'init': not all control paths return a value
  Chat_Server.vcxproj -> E:\Fanshawe\Fall_Term\INFO_6016_Network_Programming\Projects\INFO-6016_Project1_AnaDjurkovic\x64\Debug\Chat_Server.exe
